13:39:15.335 [main] INFO  org.ruben.java.logback.App - inicio
13:39:15.338 [main] INFO  org.ruben.java.logback.App - Hola Ruben
13:39:15.341 [main] INFO  org.ruben.java.logback.App - fin
14:10:07.962 [main] INFO  org.ruben.java.logback.App - inicio
14:10:07.965 [main] INFO  org.ruben.java.logback.App - Hola Ruben
14:10:07.969 [main] INFO  org.ruben.java.logback.App - fin
14:10:08.456 [main] INFO  org.ruben.java.logback.App - inicio
14:10:08.459 [main] INFO  org.ruben.java.logback.App - Hola Ruben
14:10:08.462 [main] INFO  org.ruben.java.logback.App - fin
14:10:25.498 [main] INFO  org.ruben.java.logback.App - inicio
14:10:25.502 [main] INFO  org.ruben.java.logback.App - Hola Ruben
14:10:25.504 [main] INFO  org.ruben.java.logback.App - fin
14:11:37.039 [main] INFO  org.ruben.java.logback.App - inicio
14:11:37.042 [main] INFO  org.ruben.java.logback.App - Hola Ruben
14:11:37.044 [main] INFO  org.ruben.java.logback.App - fin
14:12:08.775 [main] INFO  org.ruben.java.logback.App - inicio
14:12:08.778 [main] INFO  org.ruben.java.logback.App - Hola Ruben
14:12:08.780 [main] INFO  org.ruben.java.logback.App - fin
14:12:29.421 [main] INFO  App.class.getName() - inicio
14:12:29.423 [main] INFO  App.class.getName() - Hola Ruben
14:12:29.425 [main] INFO  App.class.getName() - fin
14:13:01.199 [main] INFO  org.ruben.java.logback.App - inicio
14:13:01.202 [main] INFO  org.ruben.java.logback.App - Hola Ruben
14:13:01.205 [main] INFO  org.ruben.java.logback.App - fin
14:13:18.567 [main] INFO  org.ruben.java.logback.App - inicio
14:13:18.569 [main] INFO  org.ruben.java.logback.App - Hola Ruben
14:13:18.571 [main] INFO  org.ruben.java.logback.App - fin
14:15:54.902 [main] INFO  org.ruben.java.logback.App - inicio
14:15:54.905 [main] INFO  org.ruben.java.logback.App - Hola Ruben
14:15:54.908 [main] INFO  org.ruben.java.logback.App - fin
14:15:54.908 [main] INFO  org.ruben.java.logback.App - Comenzando importación...
14:16:40.520 [main] INFO  org.ruben.java.logback.App - inicio
14:16:40.523 [main] INFO  org.ruben.java.logback.App - Hola Ruben
14:16:40.525 [main] INFO  org.ruben.java.logback.App - fin
14:16:40.526 [main] INFO  org.ruben.java.logback.App - Comenzando Ruben
14:17:03.609 [main] INFO  org.ruben.java.logback.App - inicio
14:17:03.612 [main] INFO  org.ruben.java.logback.App - Hola Ruben
14:17:03.614 [main] INFO  org.ruben.java.logback.App - fin
14:17:03.614 [main] INFO  org.ruben.java.logback.App - Comenzando Ruben
